[foundation] Build (attempt 2)
Command: C:\Program Files\nodejs\npm.CMD run build
Return code: 1
stdout:
> mvp-audit@0.1.0 build
> next build

  ▲ Next.js 14.2.35

   Creating an optimized production build ...
stderr:
Failed to compile.

./components/ui/use-toast.ts
Error: 
  [31mx[0m Expected '>', got 'value'
    ,-[[36;1;4mC:\Users\adamg\3D Objects\8. Solopreuneur\Asmblr\tmp_runs\20260205_231355_321868\mvp_repo\components\ui\use-toast.ts[0m:26:1]
 [2m26[0m |   };
 [2m27[0m | 
 [2m28[0m |   return (
 [2m29[0m |     <ToastContext.Provider value={{ toasts, addToast, dismissToast }}>
    : [31;1m                           ^^^^^[0m
 [2m30[0m |       {children}
 [2m31[0m |     </ToastContext.Provider>
 [2m31[0m |   );
    `----

Caused by:
    Syntax Error

Import trace for requested module:
./components/ui/use-toast.ts
./app/app/settings/page.tsx

./components/ui/use-toast.ts
Error: 
  [31mx[0m Expected '>', got 'value'
    ,-[[36;1;4mC:\Users\adamg\3D Objects\8. Solopreuneur\Asmblr\tmp_runs\20260205_231355_321868\mvp_repo\components\ui\use-toast.ts[0m:26:1]
 [2m26[0m |   };
 [2m27[0m | 
 [2m28[0m |   return (
 [2m29[0m |     <ToastContext.Provider value={{ toasts, addToast, dismissToast }}>
    : [31;1m                           ^^^^^[0m
 [2m30[0m |       {children}
 [2m31[0m |     </ToastContext.Provider>
 [2m31[0m |   );
    `----

Caused by:
    Syntax Error

Import trace for requested module:
./components/ui/use-toast.ts
./app/layout.tsx


> Build failed because of webpack errors