Cycle: stability
Prompt: stability_prompt.txt
Plan preview: # Stability cycle plan  ## Objective Address crashes, logging, and edge case handling.  ## Prompt context   ## Last build log Build foundation (attempt 1) Command: npm run build Return code: 0 stdout: > audit-mvp-pass-run@0.1.0 build > next build    ▲ Next.js 14.2.35     Creating an optimized production build ...  ✓ Compiled successfully    Linting and checking validity of types ...    Collecting page data ...    Generating static pages (0/6) ...    Generating static pages (1/6)     Generating static pages (2/6)     Generating static pages (4/6)   ✓ Generating static pages (6/6)    Final

Diff:
diff --git a/mvp_repo/app/error.tsx b/mvp_repo/app/error.tsx
--- a/mvp_repo/app/error.tsx
+++ b/mvp_repo/app/error.tsx
@@ -0,0 +1,32 @@
+'use client';

+

+import { useEffect } from 'react';

+

+import { Button } from '@/components/ui/button';

+

+export default function Error({

+  error,

+  reset,

+}: {

+  error: Error & { digest?: string };

+  reset: () => void;

+}) {

+  useEffect(() => {

+    console.error('Runtime error:', error);

+  }, [error]);

+

+  return (

+    <main className="min-h-screen bg-slate-950 text-slate-100 flex items-center justify-center px-6">

+      <div className="max-w-lg space-y-4 text-center">

+        <p className="text-sm uppercase tracking-[0.4em] text-slate-400">Recovery</p>

+        <h1 className="text-3xl font-semibold">We hit a runtime issue.</h1>

+        <p className="text-slate-300">

+          The MVP is still running. Reload or retry the last action and we will recover cleanly.

+        </p>

+        <div className="flex justify-center">

+          <Button onClick={() => reset()}>Retry</Button>

+        </div>

+      </div>

+    </main>

+  );

+}

diff --git a/mvp_repo/app/not-found.tsx b/mvp_repo/app/not-found.tsx
--- a/mvp_repo/app/not-found.tsx
+++ b/mvp_repo/app/not-found.tsx
@@ -0,0 +1,11 @@
+export default function NotFound() {

+  return (

+    <main className="min-h-screen bg-slate-950 text-slate-100 flex items-center justify-center px-6">

+      <div className="max-w-lg space-y-4 text-center">

+        <p className="text-sm uppercase tracking-[0.4em] text-slate-400">404</p>

+        <h1 className="text-3xl font-semibold">This page does not exist.</h1>

+        <p className="text-slate-300">Try going back to the dashboard and restart the flow.</p>

+      </div>

+    </main>

+  );

+}

diff --git a/mvp_repo/app/api/status/route.ts b/mvp_repo/app/api/status/route.ts
--- a/mvp_repo/app/api/status/route.ts
+++ b/mvp_repo/app/api/status/route.ts
@@ -1,8 +1,17 @@
 import { NextResponse } from 'next/server';

 

 export function GET() {

-  return NextResponse.json({

-    status: 'prototype built',

-    stack: 'Next.js + Tailwind + SQLite',

-  });

+  try {

+    return NextResponse.json({

+      status: 'ok',

+      stack: 'Next.js + Tailwind + SQLite',

+      timestamp: new Date().toISOString(),

+    });

+  } catch (error) {

+    console.error('status route failed', error);

+    return NextResponse.json(

+      { status: 'error', stack: 'Next.js + Tailwind + SQLite' },

+      { status: 500 }

+    );

+  }

 }

