Cycle: stability
Prompt: stability_prompt.txt
Plan preview: # Stability cycle plan  ## Objective Address crashes, logging, and edge case handling.  ## Prompt context   ## Last build log [foundation] Build (attempt 1) Command: C:\Program Files\nodejs\npm.CMD run build Return code: 0 stdout: > audit-mvp@0.1.0 build > next build    ▲ Next.js 14.2.35     Creating an optimized production build ...  ✓ Compiled successfully    Linting and checking validity of types ...    Collecting page data ...    Generating static pages (0/5) ...    Generating static pages (1/5)     Generating static pages (2/5)     Generating static pages (3/5)   ✓ Generating static

Diff:
--- stability placeholder
# Stability cycle plan

## Objective
Address crashes, logging, and edge case handling.

## Prompt context


## Last build log
[foundation] Build (attempt 1)
Command: C:\Program Files\nodejs\npm.CMD run build
Return code: 0
stdout:
> audit-mvp@0.1.0 build
> next build

  ▲ Next.js 14.2.35

   Creating an optimized production build ...
 ✓ Compiled successfully
   Linting and checking validity of

