Cycle: ux
Prompt: ux_prompt.txt
Plan preview: # Ux cycle plan  ## Objective Polish spacing, typography, colors, and consistency.  ## Prompt context   ## Last build log [stability] Build (attempt 1) Command: C:\Program Files\nodejs\npm.CMD run build Return code: 0 stdout: > audit-mvp@0.1.0 build > next build    ▲ Next.js 14.2.35     Creating an optimized production build ...  ✓ Compiled successfully    Linting and checking validity of types ...    Collecting page data ...    Generating static pages (0/5) ...    Generating static pages (1/5)     Generating static pages (2/5)     Generating static pages (3/5)   ✓ Generating static page

Diff:
--- ux placeholder
# Ux cycle plan

## Objective
Polish spacing, typography, colors, and consistency.

## Prompt context


## Last build log
[stability] Build (attempt 1)
Command: C:\Program Files\nodejs\npm.CMD run build
Return code: 0
stdout:
> audit-mvp@0.1.0 build
> next build

  ▲ Next.js 14.2.35

   Creating an optimized production build ...
 ✓ Compiled successfully
   Linting and checking validity of type

