
> audit-ready-mvp@0.1.0 dev
> next dev --hostname 127.0.0.1 --port 3000

  ▲ Next.js 14.2.35
  - Local:        http://127.0.0.1:3000
  - Network:      http://127.0.0.1:3000

 ✓ Starting...
 ✓ Ready in 2s
 ○ Compiling / ...
 ✓ Compiled /api/status in 3.9s (493 modules)
 GET /api/status 200 in 1474ms
 ✓ Compiled /api/health in 108ms (256 modules)
 GET /api/health 200 in 156ms
 GET / 200 in 74ms
 GET /api/status 200 in 9ms
 GET /api/health 200 in 9ms
 GET / 200 in 77ms
 GET /api/status 200 in 5ms
 GET /api/health 200 in 5ms
 GET / 200 in 73ms
 GET /api/status 200 in 5ms
 GET /api/health 200 in 3ms
 GET / 200 in 67ms
 GET /api/status 200 in 5ms
 GET /api/health 200 in 5ms
 GET / 200 in 43ms
 GET /api/status 200 in 4ms
 GET /api/health 200 in 5ms
 GET / 200 in 55ms
 GET /api/status 200 in 4ms
 GET /api/health 200 in 3ms
 GET / 200 in 44ms
 GET /api/status 200 in 5ms
 GET /api/health 200 in 5ms
 GET / 200 in 57ms
 GET /api/status 200 in 6ms
 GET /api/health 200 in 4ms
[?25h
