
> audit-mvp-pass-run@0.1.0 dev
> next dev --hostname 127.0.0.1 --port 3000

  ▲ Next.js 14.2.35
  - Local:        http://127.0.0.1:3000
  - Network:      http://127.0.0.1:3000

 ✓ Starting...
SyntaxError: Unexpected end of JSON input
    at unexpected_end (C:\Users\adamg\3D Objects\8. Solopreuneur\Asmblr\runs\20260201_123129_339033\mvp_repo\node_modules\next\dist\compiled\comment-json\index.js:1:3586)
    at type (C:\Users\adamg\3D Objects\8. Solopreuneur\Asmblr\runs\20260201_123129_339033\mvp_repo\node_modules\next\dist\compiled\comment-json\index.js:1:3802)
    at walk (C:\Users\adamg\3D Objects\8. Solopreuneur\Asmblr\runs\20260201_123129_339033\mvp_repo\node_modules\next\dist\compiled\comment-json\index.js:1:5461)
    at Object.parse (C:\Users\adamg\3D Objects\8. Solopreuneur\Asmblr\runs\20260201_123129_339033\mvp_repo\node_modules\next\dist\compiled\comment-json\index.js:1:5874)
    at writeConfigurationDefaults (C:\Users\adamg\3D Objects\8. Solopreuneur\Asmblr\runs\20260201_123129_339033\mvp_repo\node_modules\next\dist\lib\typescript\writeConfigurationDefaults.js:189:39)
    at async verifyTypeScriptSetup (C:\Users\adamg\3D Objects\8. Solopreuneur\Asmblr\runs\20260201_123129_339033\mvp_repo\node_modules\next\dist\lib\verify-typescript-setup.js:121:9)
    at async verifyTypeScript (C:\Users\adamg\3D Objects\8. Solopreuneur\Asmblr\runs\20260201_123129_339033\mvp_repo\node_modules\next\dist\server\lib\router-utils\setup-dev-bundler.js:112:26)
    at async startWatcher (C:\Users\adamg\3D Objects\8. Solopreuneur\Asmblr\runs\20260201_123129_339033\mvp_repo\node_modules\next\dist\server\lib\router-utils\setup-dev-bundler.js:139:29)
    at async setupDevBundler (C:\Users\adamg\3D Objects\8. Solopreuneur\Asmblr\runs\20260201_123129_339033\mvp_repo\node_modules\next\dist\server\lib\router-utils\setup-dev-bundler.js:775:20)
    at async Span.traceAsyncFn (C:\Users\adamg\3D Objects\8. Solopreuneur\Asmblr\runs\20260201_123129_339033\mvp_repo\node_modules\next\dist\trace\trace.js:154:20) {
  line: 1,
  column: 53
}
[?25h
