Cycle: ux
Prompt: ux_prompt.txt
Plan preview: # Ux cycle plan  ## Objective Polish spacing, typography, colors, and consistency.  ## Prompt context   ## Last build log Build stability (attempt 2) Command: npm run build Return code: 0 stdout: > audit-mvp-pass-run@0.1.0 build > next build    ▲ Next.js 14.2.35     Creating an optimized production build ...  ✓ Compiled successfully    Linting and checking validity of types ...    Collecting page data ...    Generating static pages (0/6) ...    Generating static pages (1/6)     Generating static pages (2/6)     Generating static pages (4/6)   ✓ Generating static pages (6/6)    Finalizing

Diff:
diff --git a/mvp_repo/app/globals.css b/mvp_repo/app/globals.css
--- a/mvp_repo/app/globals.css
+++ b/mvp_repo/app/globals.css
@@ -1,11 +1,28 @@
+@import url('https://fonts.googleapis.com/css2?family=Space+Grotesk:wght@400;500;600&display=swap');

+

 @tailwind base;

 @tailwind components;

 @tailwind utilities;

 

 :root {

   color-scheme: dark;

+  --surface: #0f172a;

+  --panel: #111827;

+  --accent: #38bdf8;

+  --accent-soft: rgba(56, 189, 248, 0.2);

 }

 

 body {

-  @apply bg-slate-950 text-slate-100 min-h-screen font-sans;

+  font-family: 'Space Grotesk', ui-sans-serif, system-ui, -apple-system, sans-serif;

+  background: radial-gradient(circle at top, rgba(56, 189, 248, 0.15), transparent 50%),

+    #020617;

+  color: #e2e8f0;

+  min-height: 100vh;

 }

+

+.glass {

+  background: rgba(15, 23, 42, 0.7);

+  border: 1px solid rgba(148, 163, 184, 0.2);

+  box-shadow: 0 12px 40px rgba(15, 23, 42, 0.45);

+  backdrop-filter: blur(16px);

+}

diff --git a/mvp_repo/app/page.tsx b/mvp_repo/app/page.tsx
--- a/mvp_repo/app/page.tsx
+++ b/mvp_repo/app/page.tsx
@@ -1,11 +1,14 @@
 'use client';

 

+import { Badge } from '@/components/ui/badge';

 import { Button } from '@/components/ui/button';

+import { Card } from '@/components/ui/card';

+import { Section } from '@/components/ui/section';

 

 const stackCards = [

-  "Prototype ready for fast validation",

-  "Frontend: Next.js + Tailwind CSS + shadcn-inspired UI + TypeScript",

-  "Backend: Next.js API routes + Prisma + SQLite"

+  'Prototype ready for fast validation',

+  'Frontend: Next.js + Tailwind CSS + shadcn-inspired UI + TypeScript',

+  'Backend: Next.js API routes + Prisma + SQLite',

 ];

 

 const metrics = [

@@ -16,39 +19,46 @@
 

 export default function Page() {

   return (

-    <main className="max-w-5xl mx-auto p-6 space-y-10">

-      <section className="space-y-4">

-        <p className="text-sm uppercase tracking-[0.3em] text-slate-400">Audit MVP pass run</p>

-        <h1 className="text-4xl font-semibold text-white">Prototype launched</h1>

-        <p className="text-lg text-slate-300">

-          Audit MVP pass run

-        </p>

+    <main className="max-w-6xl mx-auto px-6 py-12 space-y-12">

+      <section className="space-y-6">

+        <div className="flex flex-wrap items-center gap-3">

+          <Badge label="Audit MVP" />

+          <Badge label="Production-ready structure" />

+        </div>

+        <div className="space-y-4">

+          <h1 className="text-4xl md:text-5xl font-semibold text-white">

+            Prototype launched with a sharper operating system.

+          </h1>

+          <p className="text-lg text-slate-300 max-w-2xl">

+            A high-signal MVP workspace designed to validate execution flow, capture baseline

+            metrics, and move quickly between product cycles.

+          </p>

+        </div>

         <div className="flex gap-3 flex-wrap">

           <Button>Launch prototype</Button>

           <Button variant="ghost">View docs</Button>

         </div>

       </section>

-      <section>

+

+      <Section title="Snapshot metrics" subtitle="Readable at a glance across the core surfaces.">

         <div className="grid grid-cols-1 md:grid-cols-3 gap-4">

           {metrics.map((metric) => (

-            <article

-              key={metric.label}

-              className="rounded-2xl border border-slate-800 bg-white/5 p-4 space-y-2"

-            >

-              <p className="text-sm uppercase tracking-[0.4em] text-slate-400">{metric.label}</p>

+            <Card key={metric.label} title={metric.label}>

               <p className="text-2xl font-semibold text-white">{metric.value}</p>

-            </article>

+            </Card>

           ))}

         </div>

-      </section>

-      <section>

-        <h2 className="text-2xl font-semibold text-white">Stack highlights</h2>

-        <ul className="mt-4 list-disc list-inside space-y-2 text-slate-200">

+      </Section>

+

+      <Section title="Stack highlights" subtitle="Aligned to speed up iteration and delivery.">

+        <ul className="grid grid-cols-1 md:grid-cols-3 gap-4">

           {stackCards.map((card) => (

-            <li key={card}>{card}</li>

+            <li key={card} className="glass rounded-3xl p-6 text-slate-200">

+              {card}

+            </li>

           ))}

         </ul>

-      </section>

+      </Section>

     </main>

   );

 }

diff --git a/mvp_repo/components/ui/button.tsx b/mvp_repo/components/ui/button.tsx
--- a/mvp_repo/components/ui/button.tsx
+++ b/mvp_repo/components/ui/button.tsx
@@ -7,11 +7,12 @@
 }

 

 const baseStyles =

-  'inline-flex items-center justify-center rounded-full border border-transparent px-6 py-2 text-sm font-semibold focus-visible:outline focus-visible:outline-2 focus-visible:outline-offset-2';

+  'inline-flex items-center justify-center rounded-full border border-transparent px-6 py-2 text-sm font-semibold transition-all duration-200 focus-visible:outline focus-visible:outline-2 focus-visible:outline-offset-2 focus-visible:outline-cyan-400';

 

 const variantStyles = {

-  primary: 'bg-gradient-to-r from-violet-500 via-purple-500 to-indigo-500 text-white shadow-lg',

-  ghost: 'bg-white/10 text-white hover:bg-white/20',

+  primary:

+    'bg-gradient-to-r from-cyan-400 via-sky-500 to-indigo-500 text-slate-950 shadow-lg shadow-cyan-500/30 hover:scale-[1.02]',

+  ghost: 'bg-white/10 text-white hover:bg-white/20 border border-white/10',

 };

 

 export function Button({

diff --git a/mvp_repo/components/ui/card.tsx b/mvp_repo/components/ui/card.tsx
--- a/mvp_repo/components/ui/card.tsx
+++ b/mvp_repo/components/ui/card.tsx
@@ -0,0 +1,16 @@
+import { ReactNode } from 'react';

+

+export function Card({

+  title,

+  children,

+}: {

+  title: string;

+  children: ReactNode;

+}) {

+  return (

+    <article className="glass rounded-3xl p-6 space-y-3">

+      <p className="text-xs uppercase tracking-[0.4em] text-slate-400">{title}</p>

+      <div className="text-lg text-slate-100">{children}</div>

+    </article>

+  );

+}

diff --git a/mvp_repo/components/ui/section.tsx b/mvp_repo/components/ui/section.tsx
--- a/mvp_repo/components/ui/section.tsx
+++ b/mvp_repo/components/ui/section.tsx
@@ -0,0 +1,21 @@
+import { ReactNode } from 'react';

+

+export function Section({

+  title,

+  subtitle,

+  children,

+}: {

+  title: string;

+  subtitle?: string;

+  children: ReactNode;

+}) {

+  return (

+    <section className="space-y-4">

+      <div className="space-y-1">

+        <h2 className="text-2xl font-semibold text-white">{title}</h2>

+        {subtitle ? <p className="text-slate-400">{subtitle}</p> : null}

+      </div>

+      {children}

+    </section>

+  );

+}

diff --git a/mvp_repo/components/ui/badge.tsx b/mvp_repo/components/ui/badge.tsx
--- a/mvp_repo/components/ui/badge.tsx
+++ b/mvp_repo/components/ui/badge.tsx
@@ -0,0 +1,7 @@
+export function Badge({ label }: { label: string }) {

+  return (

+    <span className="inline-flex items-center rounded-full bg-cyan-500/10 px-3 py-1 text-xs font-semibold text-cyan-200">

+      {label}

+    </span>

+  );

+}

