Build foundation (attempt 1)
Command: npm run build
Return code: 0
stdout:
> audit-ready-mvp@0.1.0 build
> next build

  ▲ Next.js 14.2.35

   Creating an optimized production build ...
 ✓ Compiled successfully
   Linting and checking validity of types ...
   Collecting page data ...
   Generating static pages (0/6) ...
   Generating static pages (1/6) 
   Generating static pages (2/6) 
   Generating static pages (4/6) 
 ✓ Generating static pages (6/6)
   Finalizing page optimization ...
   Collecting build traces ...

Route (app)                              Size     First Load JS
┌ ○ /                                    1.02 kB        88.2 kB
├ ○ /_not-found                          873 B          88.1 kB
├ ○ /api/health                          0 B                0 B
└ ○ /api/status                          0 B                0 B
+ First Load JS shared by all            87.2 kB
  ├ chunks/117-9d1bd14373689583.js       31.7 kB
  ├ chunks/fd9d1056-258ef7797b0e21f7.js  53.6 kB
  └ other shared chunks (total)          1.86 kB


○  (Static)  prerendered as static content