
> audit-mvp-pass-run@0.1.0 dev
> next dev --hostname 127.0.0.1 --port 3000

  ▲ Next.js 14.2.35
  - Local:        http://127.0.0.1:3000
  - Network:      http://127.0.0.1:3000

 ✓ Starting...
 ✓ Ready in 2.1s
 ○ Compiling / ...
 ✓ Compiled /api/status in 3.6s (495 modules)
 GET /api/status 200 in 1644ms
 GET / 200 in 855ms
 GET /api/health 200 in 29ms
 GET /api/status 200 in 15ms
 GET /api/health 200 in 12ms
 GET / 200 in 43ms
 GET /api/status 200 in 5ms
 GET /api/health 200 in 5ms
 GET / 200 in 51ms
 GET /api/status 200 in 6ms
 GET /api/health 200 in 5ms
 ✓ Compiled in 163ms (239 modules)
 ✓ Compiled in 100ms (239 modules)
 ✓ Compiled in 181ms (242 modules)
 ✓ Compiled in 89ms (242 modules)
 ✓ Compiled in 150ms (243 modules)
[?25h
